<?xml version='1.0' encoding='utf-8'?>
<testsuite name="mini_calc" tests="94" failures="0" errors="0" skipped="0" time="0.0030">
  <testcase classname="tests.test_evaluator.TestEvaluateBinaryArithmetic" name="test_addition" time="0.000077" />
  <testcase classname="tests.test_evaluator.TestEvaluateBinaryArithmetic" name="test_division" time="0.000031" />
  <testcase classname="tests.test_evaluator.TestEvaluateBinaryArithmetic" name="test_division_result_is_always_float" time="0.000025" />
  <testcase classname="tests.test_evaluator.TestEvaluateBinaryArithmetic" name="test_modulo" time="0.000023" />
  <testcase classname="tests.test_evaluator.TestEvaluateBinaryArithmetic" name="test_multiplication" time="0.000021" />
  <testcase classname="tests.test_evaluator.TestEvaluateBinaryArithmetic" name="test_power" time="0.000027" />
  <testcase classname="tests.test_evaluator.TestEvaluateBinaryArithmetic" name="test_power_with_negative_exponent" time="0.000068" />
  <testcase classname="tests.test_evaluator.TestEvaluateBinaryArithmetic" name="test_power_with_zero_exponent" time="0.000022" />
  <testcase classname="tests.test_evaluator.TestEvaluateBinaryArithmetic" name="test_subtraction" time="0.000021" />
  <testcase classname="tests.test_evaluator.TestEvaluateErrors" name="test_division_by_zero_message_is_descriptive" time="0.000045" />
  <testcase classname="tests.test_evaluator.TestEvaluateErrors" name="test_division_by_zero_raises" time="0.000029" />
  <testcase classname="tests.test_evaluator.TestEvaluateErrors" name="test_modulo_by_zero_raises" time="0.000029" />
  <testcase classname="tests.test_evaluator.TestEvaluateErrors" name="test_unknown_binary_operator_raises" time="0.000039" />
  <testcase classname="tests.test_evaluator.TestEvaluateErrors" name="test_unknown_unary_operator_raises" time="0.000028" />
  <testcase classname="tests.test_evaluator.TestEvaluateNestedTrees" name="test_nested_binary_ops" time="0.000026" />
  <testcase classname="tests.test_evaluator.TestEvaluateNestedTrees" name="test_unary_wrapped_around_binary" time="0.000021" />
  <testcase classname="tests.test_evaluator.TestEvaluateNumber" name="test_float" time="0.000020" />
  <testcase classname="tests.test_evaluator.TestEvaluateNumber" name="test_positive_number" time="0.000019" />
  <testcase classname="tests.test_evaluator.TestEvaluateNumber" name="test_zero" time="0.000017" />
  <testcase classname="tests.test_evaluator.TestEvaluateUnary" name="test_double_unary_minus_cancels_out" time="0.000032" />
  <testcase classname="tests.test_evaluator.TestEvaluateUnary" name="test_unary_minus" time="0.000021" />
  <testcase classname="tests.test_evaluator.TestEvaluateUnary" name="test_unary_plus_is_a_no_op" time="0.000018" />
  <testcase classname="tests.test_integration.TestEndToEndAgainstPythonAsOracle" name="test_matches_python_eval_for_each_expression" time="0.000425" />
  <testcase classname="tests.test_integration.TestEndToEndArithmetic" name="test_binary_plus_then_unary_plus" time="0.000041" />
  <testcase classname="tests.test_integration.TestEndToEndArithmetic" name="test_deeply_nested_expression" time="0.000040" />
  <testcase classname="tests.test_integration.TestEndToEndArithmetic" name="test_division_returns_float" time="0.000025" />
  <testcase classname="tests.test_integration.TestEndToEndArithmetic" name="test_floats" time="0.000026" />
  <testcase classname="tests.test_integration.TestEndToEndArithmetic" name="test_generous_whitespace" time="0.000030" />
  <testcase classname="tests.test_integration.TestEndToEndArithmetic" name="test_modulo" time="0.000032" />
  <testcase classname="tests.test_integration.TestEndToEndArithmetic" name="test_nested_parens_with_unary" time="0.000025" />
  <testcase classname="tests.test_integration.TestEndToEndArithmetic" name="test_operator_precedence" time="0.000027" />
  <testcase classname="tests.test_integration.TestEndToEndArithmetic" name="test_parentheses_override_precedence" time="0.000028" />
  <testcase classname="tests.test_integration.TestEndToEndArithmetic" name="test_power_right_associativity" time="0.000026" />
  <testcase classname="tests.test_integration.TestEndToEndArithmetic" name="test_simple_addition" time="0.000023" />
  <testcase classname="tests.test_integration.TestEndToEndArithmetic" name="test_unary_minus_vs_power_precedence" time="0.000024" />
  <testcase classname="tests.test_integration.TestEndToEndErrorPropagation" name="test_all_error_types_are_calculator_errors" time="0.000056" />
  <testcase classname="tests.test_integration.TestEndToEndErrorPropagation" name="test_division_by_zero_inside_parens_raises" time="0.000033" />
  <testcase classname="tests.test_integration.TestEndToEndErrorPropagation" name="test_division_by_zero_raises_evaluation_error" time="0.000027" />
  <testcase classname="tests.test_integration.TestEndToEndErrorPropagation" name="test_empty_expression_raises_parse_error" time="0.000024" />
  <testcase classname="tests.test_integration.TestEndToEndErrorPropagation" name="test_invalid_character_raises_tokenize_error" time="0.000022" />
  <testcase classname="tests.test_integration.TestEndToEndErrorPropagation" name="test_unbalanced_parens_raises_parse_error" time="0.000029" />
  <testcase classname="tests.test_integration.TestPackageExports" name="test_error_hierarchy" time="0.000020" />
  <testcase classname="tests.test_integration.TestPackageExports" name="test_error_types_are_exported" time="0.000020" />
  <testcase classname="tests.test_integration.TestPackageExports" name="test_evaluate_is_exported" time="0.000017" />
  <testcase classname="tests.test_parser.TestParseBinaryPrecedence" name="test_addition" time="0.000032" />
  <testcase classname="tests.test_parser.TestParseBinaryPrecedence" name="test_addition_is_left_associative" time="0.000030" />
  <testcase classname="tests.test_parser.TestParseBinaryPrecedence" name="test_modulo_same_precedence_as_multiply_divide" time="0.000027" />
  <testcase classname="tests.test_parser.TestParseBinaryPrecedence" name="test_multiplication_binds_tighter_than_addition" time="0.000027" />
  <testcase classname="tests.test_parser.TestParseBinaryPrecedence" name="test_multiplication_is_left_associative" time="0.000025" />
  <testcase classname="tests.test_parser.TestParseBinaryPrecedence" name="test_parentheses_override_precedence" time="0.000028" />
  <testcase classname="tests.test_parser.TestParseErrors" name="test_empty_expression_raises" time="0.000029" />
  <testcase classname="tests.test_parser.TestParseErrors" name="test_empty_parentheses_raise" time="0.000058" />
  <testcase classname="tests.test_parser.TestParseErrors" name="test_error_message_is_descriptive" time="0.000036" />
  <testcase classname="tests.test_parser.TestParseErrors" name="test_leading_binary_operator_raises" time="0.000027" />
  <testcase classname="tests.test_parser.TestParseErrors" name="test_trailing_operator_raises" time="0.000026" />
  <testcase classname="tests.test_parser.TestParseErrors" name="test_two_numbers_with_no_operator_raises" time="0.000025" />
  <testcase classname="tests.test_parser.TestParseErrors" name="test_unclosed_parenthesis_raises" time="0.000028" />
  <testcase classname="tests.test_parser.TestParseErrors" name="test_unopened_parenthesis_raises" time="0.000027" />
  <testcase classname="tests.test_parser.TestParseErrors" name="test_whitespace_only_expression_raises" time="0.000031" />
  <testcase classname="tests.test_parser.TestParsePower" name="test_power_binds_tighter_than_multiplication" time="0.000032" />
  <testcase classname="tests.test_parser.TestParsePower" name="test_power_is_right_associative" time="0.000027" />
  <testcase classname="tests.test_parser.TestParsePower" name="test_power_with_unary_minus_exponent" time="0.000031" />
  <testcase classname="tests.test_parser.TestParseSingleValues" name="test_nested_parentheses" time="0.000029" />
  <testcase classname="tests.test_parser.TestParseSingleValues" name="test_parenthesized_number" time="0.000022" />
  <testcase classname="tests.test_parser.TestParseSingleValues" name="test_single_float" time="0.000026" />
  <testcase classname="tests.test_parser.TestParseSingleValues" name="test_single_number" time="0.000020" />
  <testcase classname="tests.test_parser.TestParseUnary" name="test_binary_plus_followed_by_unary_plus" time="0.000029" />
  <testcase classname="tests.test_parser.TestParseUnary" name="test_double_unary_minus" time="0.000025" />
  <testcase classname="tests.test_parser.TestParseUnary" name="test_unary_minus" time="0.000023" />
  <testcase classname="tests.test_parser.TestParseUnary" name="test_unary_minus_binds_looser_than_power" time="0.000025" />
  <testcase classname="tests.test_parser.TestParseUnary" name="test_unary_plus" time="0.000022" />
  <testcase classname="tests.test_parser.TestParserAgainstHandBuiltTokens" name="test_hand_built_addition" time="0.000030" />
  <testcase classname="tests.test_parser.TestParserAgainstHandBuiltTokens" name="test_hand_built_trailing_garbage_token_raises" time="0.000026" />
  <testcase classname="tests.test_tokenizer.TestTokenizeCombinedExpressions" name="test_minus_before_number_is_two_separate_tokens" time="0.000028" />
  <testcase classname="tests.test_tokenizer.TestTokenizeCombinedExpressions" name="test_realistic_expression" time="0.000026" />
  <testcase classname="tests.test_tokenizer.TestTokenizeErrors" name="test_invalid_character_message_includes_the_character" time="0.000026" />
  <testcase classname="tests.test_tokenizer.TestTokenizeErrors" name="test_invalid_character_raises" time="0.000022" />
  <testcase classname="tests.test_tokenizer.TestTokenizeErrors" name="test_leading_decimal_point_raises" time="0.000020" />
  <testcase classname="tests.test_tokenizer.TestTokenizeErrors" name="test_letters_raise" time="0.000021" />
  <testcase classname="tests.test_tokenizer.TestTokenizeErrors" name="test_number_with_two_decimal_points_raises" time="0.000020" />
  <testcase classname="tests.test_tokenizer.TestTokenizeErrors" name="test_scientific_notation_is_not_supported" time="0.000021" />
  <testcase classname="tests.test_tokenizer.TestTokenizeNumbers" name="test_multi_digit_number" time="0.000022" />
  <testcase classname="tests.test_tokenizer.TestTokenizeNumbers" name="test_number_with_trailing_zero_decimal" time="0.000019" />
  <testcase classname="tests.test_tokenizer.TestTokenizeNumbers" name="test_single_float" time="0.000046" />
  <testcase classname="tests.test_tokenizer.TestTokenizeNumbers" name="test_single_integer" time="0.000025" />
  <testcase classname="tests.test_tokenizer.TestTokenizeNumbers" name="test_zero" time="0.000020" />
  <testcase classname="tests.test_tokenizer.TestTokenizeOperatorsAndParens" name="test_all_single_char_operators" time="0.000026" />
  <testcase classname="tests.test_tokenizer.TestTokenizeOperatorsAndParens" name="test_double_star_is_a_single_power_token" time="0.000020" />
  <testcase classname="tests.test_tokenizer.TestTokenizeOperatorsAndParens" name="test_parentheses" time="0.000020" />
  <testcase classname="tests.test_tokenizer.TestTokenizeOperatorsAndParens" name="test_star_star_star_is_power_then_star" time="0.000020" />
  <testcase classname="tests.test_tokenizer.TestTokenizeWhitespaceAndEmpty" name="test_empty_string_yields_only_eof" time="0.000022" />
  <testcase classname="tests.test_tokenizer.TestTokenizeWhitespaceAndEmpty" name="test_tabs_and_newlines_are_ignored" time="0.000027" />
  <testcase classname="tests.test_tokenizer.TestTokenizeWhitespaceAndEmpty" name="test_whitespace_is_ignored" time="0.000026" />
  <testcase classname="tests.test_tokenizer.TestTokenizeWhitespaceAndEmpty" name="test_whitespace_only_yields_only_eof" time="0.000019" />
</testsuite>